19:07:34.203 INFO Test execution started: dashboard_by_role_race_test
19:07:34.203 INFO Browser: chrome
19:07:34.203 INFO Environment: test
19:07:34.204 INFO Using data:
    url: http://localhost:3000/
19:07:34.204 INFO Test started: test_by_race
19:07:34.204 INFO Navigate to: 'http://localhost:3000/'
19:07:40.166 INFO Click dropdown_button
19:07:41.035 INFO Click group_by_role
19:07:41.155 INFO Wait for element ('id', 'tab-race', 'tab_race') to be present
19:07:41.167 INFO Click tab_race
19:07:41.232 INFO Assert element active_tab text is 'Race'
19:07:41.271 INFO Assert element pay_equity_gap_label text is 'Pay Equity Gap'
19:07:41.290 INFO Assert element pay_equity_gap_p text is 'Asians earn 87¢ for every $1 earned by comparable Hispanics'
19:07:41.312 ERROR AssertionError: expected element pay_equity_gap_p text to be 'Asians earn 87¢ for every $1 earned by comparable Hispanics' but was 'Women earn 96¢ for every $1 earned by comparable Men'
Traceback (most recent call last):
  File "/Users/home/env/lib/python3.10/site-packages/golem/test_runner/test_runner.py", line 202, in run_test_function
    f(execution.data)
  File "/Users/home/Documents/Projects/test/projects/Syndio/tests/dashboard_by_role_race_test.py", line 15, in test_by_race
    assert_element_text(dashboard_page.pay_equity_gap_p, "Asians earn 87¢ for every $1 earned by comparable Hispanics")
  File "/Users/home/env/lib/python3.10/site-packages/golem/actions.py", line 560, in assert_element_text
    assert element.text == text, msg
AssertionError: expected element pay_equity_gap_p text to be 'Asians earn 87¢ for every $1 earned by comparable Hispanics' but was 'Women earn 96¢ for every $1 earned by comparable Men'
19:07:41.478 INFO Test Result: FAILURE
