[
    {
        "test_file": "dashboard_by_role_gender_test",
        "test": "test_by_gender",
        "set_name": "2d6814",
        "environment": "test",
        "result": "failure",
        "description": null,
        "browser": "chrome",
        "test_data": {
            "env": "{'url': 'http://localhost:3000/', 'name': 'test'}"
        },
        "steps": [
            {
                "message": "Navigate to: 'http://localhost:3000/'",
                "screenshot": null,
                "error": null
            },
            {
                "message": "Click dropdown_button",
                "screenshot": null,
                "error": null
            },
            {
                "message": "Click group_by_role",
                "screenshot": null,
                "error": null
            },
            {
                "message": "Wait for element ('id', 'tab-gender', 'tab_gender') to be present",
                "screenshot": null,
                "error": null
            },
            {
                "message": "Assert element active_tab text is 'Gender'",
                "screenshot": null,
                "error": null
            },
            {
                "message": "Assert element pay_equity_gap_label text is 'Pay Equity Gap'",
                "screenshot": null,
                "error": null
            },
            {
                "message": "Assert element pay_equity_gap_p text is 'Men earn 97¢ for every $1 earned by comparable Women'",
                "screenshot": null,
                "error": null
            },
            {
                "message": "Failure",
                "screenshot": "Failure_1c9be.png",
                "error": {
                    "message": "AssertionError: expected element pay_equity_gap_p text to be 'Men earn 97¢ for every $1 earned by comparable Women' but was 'Women earn 96¢ for every $1 earned by comparable Men'",
                    "description": "Traceback (most recent call last):\n  File \"/Users/home/env/lib/python3.10/site-packages/golem/test_runner/test_runner.py\", line 202, in run_test_function\n    f(execution.data)\n  File \"/Users/home/Documents/Projects/test/projects/Syndio/tests/dashboard_by_role_gender_test.py\", line 12, in test_by_gender\n    assert_element_text(dashboard_page.pay_equity_gap_p, \"Men earn 97¢ for every $1 earned by comparable Women\")\n  File \"/Users/home/env/lib/python3.10/site-packages/golem/actions.py\", line 560, in assert_element_text\n    assert element.text == text, msg\nAssertionError: expected element pay_equity_gap_p text to be 'Men earn 97¢ for every $1 earned by comparable Women' but was 'Women earn 96¢ for every $1 earned by comparable Men'"
                }
            }
        ],
        "errors": [
            {
                "message": "AssertionError: expected element pay_equity_gap_p text to be 'Men earn 97¢ for every $1 earned by comparable Women' but was 'Women earn 96¢ for every $1 earned by comparable Men'",
                "description": "Traceback (most recent call last):\n  File \"/Users/home/env/lib/python3.10/site-packages/golem/test_runner/test_runner.py\", line 202, in run_test_function\n    f(execution.data)\n  File \"/Users/home/Documents/Projects/test/projects/Syndio/tests/dashboard_by_role_gender_test.py\", line 12, in test_by_gender\n    assert_element_text(dashboard_page.pay_equity_gap_p, \"Men earn 97¢ for every $1 earned by comparable Women\")\n  File \"/Users/home/env/lib/python3.10/site-packages/golem/actions.py\", line 560, in assert_element_text\n    assert element.text == text, msg\nAssertionError: expected element pay_equity_gap_p text to be 'Men earn 97¢ for every $1 earned by comparable Women' but was 'Women earn 96¢ for every $1 earned by comparable Men'"
            }
        ],
        "elapsed_time": 7.72,
        "timestamp": "2022.12.27.18.58.10.315"
    }
]