19:00:37.888 INFO Test execution started: dashboard_dropdowns_test
19:00:37.888 INFO Browser: my_custom_chrome_phone
19:00:37.888 INFO Environment: test
19:00:37.888 INFO Using data:
    url: http://localhost:3000/
19:00:37.889 INFO Test started: test_options_in_dropdown
19:00:37.889 INFO Navigate to: 'http://localhost:3000/'
19:00:43.684 INFO Wait for element ('id', 'tab-gender', 'tab_gender') to be present
19:00:44.894 INFO Click dropdown_button
19:00:45.189 INFO Assert element group_by_function text is 'Group by Function'
19:00:45.217 INFO Assert element group_by_role text is 'Group by Role'
19:00:45.237 INFO Assert element disabled_dropdown_option text is 'Group by Function'
19:00:45.244 INFO Test Result: SUCCESS
19:00:45.244 INFO Test started: test_can_select_by_role
19:00:45.244 INFO Navigate to: 'http://localhost:3000/'
19:00:45.375 INFO Click dropdown_button
19:00:45.930 INFO Click group_by_role
19:00:46.049 INFO Click dropdown_button
19:00:46.108 INFO Assert element disabled_dropdown_option text is 'Group by Role'
19:00:46.127 ERROR AssertionError: expected element disabled_dropdown_option text to be 'Group by Role' but was 'Group by Function'
Traceback (most recent call last):
  File "/Users/home/env/lib/python3.10/site-packages/golem/test_runner/test_runner.py", line 202, in run_test_function
    f(execution.data)
  File "/Users/home/Documents/Projects/test/projects/Syndio/tests/dashboard_dropdowns_test.py", line 20, in test_can_select_by_role
    dashboard_page.check_disabled_dropdown_option("Group by Role")
  File "/Users/home/Documents/Projects/test/projects/Syndio/pages/dashboard_page.py", line 35, in check_disabled_dropdown_option
    actions.assert_element_text(disabled_dropdown_option, option_name)
  File "/Users/home/env/lib/python3.10/site-packages/golem/actions.py", line 560, in assert_element_text
    assert element.text == text, msg
AssertionError: expected element disabled_dropdown_option text to be 'Group by Role' but was 'Group by Function'
19:00:46.203 INFO Test Result: FAILURE
