{
    "tests": [
        {
            "test_file": "dashboard_by_function_gender_test",
            "test": "test_by_gender",
            "set_name": "8bf886",
            "environment": "test",
            "result": "failure",
            "description": "Verify when Grouped by Function and Gender tab is selected, text displayed on page is correct and correct tab is highlighted. ",
            "browser": "my_custom_chrome_phone",
            "test_data": {
                "env": "{'url': 'http://localhost:3000/', 'name': 'test'}"
            },
            "steps": [
                {
                    "message": "Navigate to: 'http://localhost:3000/'",
                    "screenshot": null,
                    "error": null
                },
                {
                    "message": "Wait for element ('id', 'tab-gender', 'tab_gender') to be present",
                    "screenshot": null,
                    "error": null
                },
                {
                    "message": "Assert element active_tab text is 'Gender'",
                    "screenshot": null,
                    "error": null
                },
                {
                    "message": "Assert element pay_equity_gap_label text is 'Pay Equity Gap'",
                    "screenshot": null,
                    "error": null
                },
                {
                    "message": "Assert element pay_equity_gap_p text is 'Women earn 96¢ for every $1 earned by comparable Men'",
                    "screenshot": null,
                    "error": null
                },
                {
                    "message": "Assert element employees_comparison_label text is 'Employees in Comparison'",
                    "screenshot": null,
                    "error": null
                },
                {
                    "message": "Assert element employees_comparison_p text is 'Women make up 41% of employees'",
                    "screenshot": null,
                    "error": null
                },
                {
                    "message": "Assert element budget_label text is 'Budget'",
                    "screenshot": null,
                    "error": null
                },
                {
                    "message": "Assert element budget_p text is '$235,000 minimum recommended budget to reduce pay equity gap'",
                    "screenshot": null,
                    "error": null
                },
                {
                    "message": "Failure",
                    "screenshot": "Failure_c4d1a.png",
                    "error": {
                        "message": "AssertionError: expected element budget_p text to be '$235,000 minimum recommended budget to reduce pay equity gap' but was '$235,000 minimum recommended buget to reduce pay equity gap'",
                        "description": "Traceback (most recent call last):\n  File \"/Users/home/env/lib/python3.10/site-packages/golem/test_runner/test_runner.py\", line 202, in run_test_function\n    f(execution.data)\n  File \"/Users/home/Documents/Projects/test/projects/Syndio/tests/dashboard_by_function_gender_test.py\", line 16, in test_by_gender\n    assert_element_text(dashboard_page.budget_p, \"$235,000 minimum recommended budget to reduce pay equity gap\")\n  File \"/Users/home/env/lib/python3.10/site-packages/golem/actions.py\", line 560, in assert_element_text\n    assert element.text == text, msg\nAssertionError: expected element budget_p text to be '$235,000 minimum recommended budget to reduce pay equity gap' but was '$235,000 minimum recommended buget to reduce pay equity gap'"
                    }
                }
            ],
            "errors": [
                {
                    "message": "AssertionError: expected element budget_p text to be '$235,000 minimum recommended budget to reduce pay equity gap' but was '$235,000 minimum recommended buget to reduce pay equity gap'",
                    "description": "Traceback (most recent call last):\n  File \"/Users/home/env/lib/python3.10/site-packages/golem/test_runner/test_runner.py\", line 202, in run_test_function\n    f(execution.data)\n  File \"/Users/home/Documents/Projects/test/projects/Syndio/tests/dashboard_by_function_gender_test.py\", line 16, in test_by_gender\n    assert_element_text(dashboard_page.budget_p, \"$235,000 minimum recommended budget to reduce pay equity gap\")\n  File \"/Users/home/env/lib/python3.10/site-packages/golem/actions.py\", line 560, in assert_element_text\n    assert element.text == text, msg\nAssertionError: expected element budget_p text to be '$235,000 minimum recommended budget to reduce pay equity gap' but was '$235,000 minimum recommended buget to reduce pay equity gap'"
                }
            ],
            "elapsed_time": 7.22,
            "timestamp": "2022.12.27.19.08.55.784"
        },
        {
            "test_file": "dashboard_dropdowns_test",
            "test": "test_options_in_dropdown",
            "set_name": "eac521",
            "environment": "test",
            "result": "success",
            "description": "Verify dashboard contains dropdown with Group by Function and Group by Role options. Group by Function is selected by default. ",
            "browser": "chrome",
            "test_data": {
                "env": "{'url': 'http://localhost:3000/', 'name': 'test'}"
            },
            "steps": [
                {
                    "message": "Navigate to: 'http://localhost:3000/'",
                    "screenshot": null,
                    "error": null
                },
                {
                    "message": "Wait for element ('id', 'tab-gender', 'tab_gender') to be present",
                    "screenshot": null,
                    "error": null
                },
                {
                    "message": "Click dropdown_button",
                    "screenshot": null,
                    "error": null
                },
                {
                    "message": "Assert element group_by_function text is 'Group by Function'",
                    "screenshot": null,
                    "error": null
                },
                {
                    "message": "Assert element group_by_role text is 'Group by Role'",
                    "screenshot": null,
                    "error": null
                },
                {
                    "message": "Assert element disabled_dropdown_option text is 'Group by Function'",
                    "screenshot": null,
                    "error": null
                }
            ],
            "errors": [],
            "elapsed_time": 7.33,
            "timestamp": "2022.12.27.19.09.04.070"
        },
        {
            "test_file": "dashboard_by_function_race_test",
            "test": "test_by_race",
            "set_name": "f8a075",
            "environment": "test",
            "result": "failure",
            "description": "Verify when Grouped by Function and either Race tab is selected, text displayed on page is correct and correct tab is highlighted. ",
            "browser": "my_custom_chrome_tablet_horizontal",
            "test_data": {
                "env": "{'url': 'http://localhost:3000/', 'name': 'test'}"
            },
            "steps": [
                {
                    "message": "Navigate to: 'http://localhost:3000/'",
                    "screenshot": null,
                    "error": null
                },
                {
                    "message": "Wait for element ('id', 'tab-race', 'tab_race') to be present",
                    "screenshot": null,
                    "error": null
                },
                {
                    "message": "Click tab_race",
                    "screenshot": null,
                    "error": null
                },
                {
                    "message": "Assert element active_tab text is 'Race'",
                    "screenshot": null,
                    "error": null
                },
                {
                    "message": "Assert element pay_equity_gap_label text is 'Pay Equity Gap'",
                    "screenshot": null,
                    "error": null
                },
                {
                    "message": "Assert element pay_equity_gap_p text is 'Hispanics earn 86¢ for every $1 earned by comparable Whites'",
                    "screenshot": null,
                    "error": null
                },
                {
                    "message": "Failure",
                    "screenshot": "Failure_eefd6.png",
                    "error": {
                        "message": "AssertionError: expected element pay_equity_gap_p text to be 'Hispanics earn 86¢ for every $1 earned by comparable Whites' but was 'Women earn 96¢ for every $1 earned by comparable Men'",
                        "description": "Traceback (most recent call last):\n  File \"/Users/home/env/lib/python3.10/site-packages/golem/test_runner/test_runner.py\", line 202, in run_test_function\n    f(execution.data)\n  File \"/Users/home/Documents/Projects/test/projects/Syndio/tests/dashboard_by_function_race_test.py\", line 12, in test_by_race\n    assert_element_text(dashboard_page.pay_equity_gap_p, \"Hispanics earn 86¢ for every $1 earned by comparable Whites\")\n  File \"/Users/home/env/lib/python3.10/site-packages/golem/actions.py\", line 560, in assert_element_text\n    assert element.text == text, msg\nAssertionError: expected element pay_equity_gap_p text to be 'Hispanics earn 86¢ for every $1 earned by comparable Whites' but was 'Women earn 96¢ for every $1 earned by comparable Men'"
                    }
                }
            ],
            "errors": [
                {
                    "message": "AssertionError: expected element pay_equity_gap_p text to be 'Hispanics earn 86¢ for every $1 earned by comparable Whites' but was 'Women earn 96¢ for every $1 earned by comparable Men'",
                    "description": "Traceback (most recent call last):\n  File \"/Users/home/env/lib/python3.10/site-packages/golem/test_runner/test_runner.py\", line 202, in run_test_function\n    f(execution.data)\n  File \"/Users/home/Documents/Projects/test/projects/Syndio/tests/dashboard_by_function_race_test.py\", line 12, in test_by_race\n    assert_element_text(dashboard_page.pay_equity_gap_p, \"Hispanics earn 86¢ for every $1 earned by comparable Whites\")\n  File \"/Users/home/env/lib/python3.10/site-packages/golem/actions.py\", line 560, in assert_element_text\n    assert element.text == text, msg\nAssertionError: expected element pay_equity_gap_p text to be 'Hispanics earn 86¢ for every $1 earned by comparable Whites' but was 'Women earn 96¢ for every $1 earned by comparable Men'"
                }
            ],
            "elapsed_time": 7.32,
            "timestamp": "2022.12.27.19.07.12.030"
        },
        {
            "test_file": "dashboard_by_role_race_test",
            "test": "test_by_race",
            "set_name": "b74dc0",
            "environment": "test",
            "result": "failure",
            "description": "Verify when Grouped by Role and either Race tab is selected, text displayed on page is correct and correct tab is highlighted. ",
            "browser": "my_custom_chrome_phone",
            "test_data": {
                "env": "{'url': 'http://localhost:3000/', 'name': 'test'}"
            },
            "steps": [
                {
                    "message": "Navigate to: 'http://localhost:3000/'",
                    "screenshot": null,
                    "error": null
                },
                {
                    "message": "Click dropdown_button",
                    "screenshot": null,
                    "error": null
                },
                {
                    "message": "Click group_by_role",
                    "screenshot": null,
                    "error": null
                },
                {
                    "message": "Wait for element ('id', 'tab-race', 'tab_race') to be present",
                    "screenshot": null,
                    "error": null
                },
                {
                    "message": "Click tab_race",
                    "screenshot": null,
                    "error": null
                },
                {
                    "message": "Assert element active_tab text is 'Race'",
                    "screenshot": null,
                    "error": null
                },
                {
                    "message": "Assert element pay_equity_gap_label text is 'Pay Equity Gap'",
                    "screenshot": null,
                    "error": null
                },
                {
                    "message": "Assert element pay_equity_gap_p text is 'Asians earn 87¢ for every $1 earned by comparable Hispanics'",
                    "screenshot": null,
                    "error": null
                },
                {
                    "message": "Failure",
                    "screenshot": "Failure_d78b4.png",
                    "error": {
                        "message": "AssertionError: expected element pay_equity_gap_p text to be 'Asians earn 87¢ for every $1 earned by comparable Hispanics' but was 'Women earn 96¢ for every $1 earned by comparable Men'",
                        "description": "Traceback (most recent call last):\n  File \"/Users/home/env/lib/python3.10/site-packages/golem/test_runner/test_runner.py\", line 202, in run_test_function\n    f(execution.data)\n  File \"/Users/home/Documents/Projects/test/projects/Syndio/tests/dashboard_by_role_race_test.py\", line 15, in test_by_race\n    assert_element_text(dashboard_page.pay_equity_gap_p, \"Asians earn 87¢ for every $1 earned by comparable Hispanics\")\n  File \"/Users/home/env/lib/python3.10/site-packages/golem/actions.py\", line 560, in assert_element_text\n    assert element.text == text, msg\nAssertionError: expected element pay_equity_gap_p text to be 'Asians earn 87¢ for every $1 earned by comparable Hispanics' but was 'Women earn 96¢ for every $1 earned by comparable Men'"
                    }
                }
            ],
            "errors": [
                {
                    "message": "AssertionError: expected element pay_equity_gap_p text to be 'Asians earn 87¢ for every $1 earned by comparable Hispanics' but was 'Women earn 96¢ for every $1 earned by comparable Men'",
                    "description": "Traceback (most recent call last):\n  File \"/Users/home/env/lib/python3.10/site-packages/golem/test_runner/test_runner.py\", line 202, in run_test_function\n    f(execution.data)\n  File \"/Users/home/Documents/Projects/test/projects/Syndio/tests/dashboard_by_role_race_test.py\", line 15, in test_by_race\n    assert_element_text(dashboard_page.pay_equity_gap_p, \"Asians earn 87¢ for every $1 earned by comparable Hispanics\")\n  File \"/Users/home/env/lib/python3.10/site-packages/golem/actions.py\", line 560, in assert_element_text\n    assert element.text == text, msg\nAssertionError: expected element pay_equity_gap_p text to be 'Asians earn 87¢ for every $1 earned by comparable Hispanics' but was 'Women earn 96¢ for every $1 earned by comparable Men'"
                }
            ],
            "elapsed_time": 7.11,
            "timestamp": "2022.12.27.19.07.56.536"
        },
        {
            "test_file": "dashboard_by_function_gender_test",
            "test": "test_by_gender",
            "set_name": "f9820f",
            "environment": "test",
            "result": "failure",
            "description": "Verify when Grouped by Function and Gender tab is selected, text displayed on page is correct and correct tab is highlighted. ",
            "browser": "my_custom_chrome_tablet_vertical",
            "test_data": {
                "env": "{'url': 'http://localhost:3000/', 'name': 'test'}"
            },
            "steps": [
                {
                    "message": "Navigate to: 'http://localhost:3000/'",
                    "screenshot": null,
                    "error": null
                },
                {
                    "message": "Wait for element ('id', 'tab-gender', 'tab_gender') to be present",
                    "screenshot": null,
                    "error": null
                },
                {
                    "message": "Assert element active_tab text is 'Gender'",
                    "screenshot": null,
                    "error": null
                },
                {
                    "message": "Assert element pay_equity_gap_label text is 'Pay Equity Gap'",
                    "screenshot": null,
                    "error": null
                },
                {
                    "message": "Assert element pay_equity_gap_p text is 'Women earn 96¢ for every $1 earned by comparable Men'",
                    "screenshot": null,
                    "error": null
                },
                {
                    "message": "Assert element employees_comparison_label text is 'Employees in Comparison'",
                    "screenshot": null,
                    "error": null
                },
                {
                    "message": "Assert element employees_comparison_p text is 'Women make up 41% of employees'",
                    "screenshot": null,
                    "error": null
                },
                {
                    "message": "Assert element budget_label text is 'Budget'",
                    "screenshot": null,
                    "error": null
                },
                {
                    "message": "Assert element budget_p text is '$235,000 minimum recommended budget to reduce pay equity gap'",
                    "screenshot": null,
                    "error": null
                },
                {
                    "message": "Failure",
                    "screenshot": "Failure_410df.png",
                    "error": {
                        "message": "AssertionError: expected element budget_p text to be '$235,000 minimum recommended budget to reduce pay equity gap' but was '$235,000 minimum recommended buget to reduce pay equity gap'",
                        "description": "Traceback (most recent call last):\n  File \"/Users/home/env/lib/python3.10/site-packages/golem/test_runner/test_runner.py\", line 202, in run_test_function\n    f(execution.data)\n  File \"/Users/home/Documents/Projects/test/projects/Syndio/tests/dashboard_by_function_gender_test.py\", line 16, in test_by_gender\n    assert_element_text(dashboard_page.budget_p, \"$235,000 minimum recommended budget to reduce pay equity gap\")\n  File \"/Users/home/env/lib/python3.10/site-packages/golem/actions.py\", line 560, in assert_element_text\n    assert element.text == text, msg\nAssertionError: expected element budget_p text to be '$235,000 minimum recommended budget to reduce pay equity gap' but was '$235,000 minimum recommended buget to reduce pay equity gap'"
                    }
                }
            ],
            "errors": [
                {
                    "message": "AssertionError: expected element budget_p text to be '$235,000 minimum recommended budget to reduce pay equity gap' but was '$235,000 minimum recommended buget to reduce pay equity gap'",
                    "description": "Traceback (most recent call last):\n  File \"/Users/home/env/lib/python3.10/site-packages/golem/test_runner/test_runner.py\", line 202, in run_test_function\n    f(execution.data)\n  File \"/Users/home/Documents/Projects/test/projects/Syndio/tests/dashboard_by_function_gender_test.py\", line 16, in test_by_gender\n    assert_element_text(dashboard_page.budget_p, \"$235,000 minimum recommended budget to reduce pay equity gap\")\n  File \"/Users/home/env/lib/python3.10/site-packages/golem/actions.py\", line 560, in assert_element_text\n    assert element.text == text, msg\nAssertionError: expected element budget_p text to be '$235,000 minimum recommended budget to reduce pay equity gap' but was '$235,000 minimum recommended buget to reduce pay equity gap'"
                }
            ],
            "elapsed_time": 7.82,
            "timestamp": "2022.12.27.19.08.47.903"
        },
        {
            "test_file": "dashboard_can_select_by_role_test",
            "test": "test_can_select_by_role",
            "set_name": "652044",
            "environment": "test",
            "result": "failure",
            "description": null,
            "browser": "my_custom_chrome_tablet_vertical",
            "test_data": {
                "env": "{'url': 'http://localhost:3000/', 'name': 'test'}"
            },
            "steps": [
                {
                    "message": "Navigate to: 'http://localhost:3000/'",
                    "screenshot": null,
                    "error": null
                },
                {
                    "message": "Click dropdown_button",
                    "screenshot": null,
                    "error": null
                },
                {
                    "message": "Click group_by_role",
                    "screenshot": null,
                    "error": null
                },
                {
                    "message": "Click dropdown_button",
                    "screenshot": null,
                    "error": null
                },
                {
                    "message": "Assert element disabled_dropdown_option text is 'Group by Role'",
                    "screenshot": null,
                    "error": null
                },
                {
                    "message": "Failure",
                    "screenshot": "Failure_4d9b7.png",
                    "error": {
                        "message": "AssertionError: expected element disabled_dropdown_option text to be 'Group by Role' but was 'Group by Function'",
                        "description": "Traceback (most recent call last):\n  File \"/Users/home/env/lib/python3.10/site-packages/golem/test_runner/test_runner.py\", line 202, in run_test_function\n    f(execution.data)\n  File \"/Users/home/Documents/Projects/test/projects/Syndio/tests/dashboard_can_select_by_role_test.py\", line 10, in test_can_select_by_role\n    dashboard_page.check_disabled_dropdown_option(\"Group by Role\")\n  File \"/Users/home/Documents/Projects/test/projects/Syndio/pages/dashboard_page.py\", line 35, in check_disabled_dropdown_option\n    actions.assert_element_text(disabled_dropdown_option, option_name)\n  File \"/Users/home/env/lib/python3.10/site-packages/golem/actions.py\", line 560, in assert_element_text\n    assert element.text == text, msg\nAssertionError: expected element disabled_dropdown_option text to be 'Group by Role' but was 'Group by Function'"
                    }
                }
            ],
            "errors": [
                {
                    "message": "AssertionError: expected element disabled_dropdown_option text to be 'Group by Role' but was 'Group by Function'",
                    "description": "Traceback (most recent call last):\n  File \"/Users/home/env/lib/python3.10/site-packages/golem/test_runner/test_runner.py\", line 202, in run_test_function\n    f(execution.data)\n  File \"/Users/home/Documents/Projects/test/projects/Syndio/tests/dashboard_can_select_by_role_test.py\", line 10, in test_can_select_by_role\n    dashboard_page.check_disabled_dropdown_option(\"Group by Role\")\n  File \"/Users/home/Documents/Projects/test/projects/Syndio/pages/dashboard_page.py\", line 35, in check_disabled_dropdown_option\n    actions.assert_element_text(disabled_dropdown_option, option_name)\n  File \"/Users/home/env/lib/python3.10/site-packages/golem/actions.py\", line 560, in assert_element_text\n    assert element.text == text, msg\nAssertionError: expected element disabled_dropdown_option text to be 'Group by Role' but was 'Group by Function'"
                }
            ],
            "elapsed_time": 7.02,
            "timestamp": "2022.12.27.19.08.19.098"
        },
        {
            "test_file": "dashboard_by_role_race_test",
            "test": "test_by_race",
            "set_name": "02055f",
            "environment": "test",
            "result": "failure",
            "description": "Verify when Grouped by Role and either Race tab is selected, text displayed on page is correct and correct tab is highlighted. ",
            "browser": "chrome",
            "test_data": {
                "env": "{'url': 'http://localhost:3000/', 'name': 'test'}"
            },
            "steps": [
                {
                    "message": "Navigate to: 'http://localhost:3000/'",
                    "screenshot": null,
                    "error": null
                },
                {
                    "message": "Click dropdown_button",
                    "screenshot": null,
                    "error": null
                },
                {
                    "message": "Click group_by_role",
                    "screenshot": null,
                    "error": null
                },
                {
                    "message": "Wait for element ('id', 'tab-race', 'tab_race') to be present",
                    "screenshot": null,
                    "error": null
                },
                {
                    "message": "Click tab_race",
                    "screenshot": null,
                    "error": null
                },
                {
                    "message": "Assert element active_tab text is 'Race'",
                    "screenshot": null,
                    "error": null
                },
                {
                    "message": "Assert element pay_equity_gap_label text is 'Pay Equity Gap'",
                    "screenshot": null,
                    "error": null
                },
                {
                    "message": "Assert element pay_equity_gap_p text is 'Asians earn 87¢ for every $1 earned by comparable Hispanics'",
                    "screenshot": null,
                    "error": null
                },
                {
                    "message": "Failure",
                    "screenshot": "Failure_dba2a.png",
                    "error": {
                        "message": "AssertionError: expected element pay_equity_gap_p text to be 'Asians earn 87¢ for every $1 earned by comparable Hispanics' but was 'Women earn 96¢ for every $1 earned by comparable Men'",
                        "description": "Traceback (most recent call last):\n  File \"/Users/home/env/lib/python3.10/site-packages/golem/test_runner/test_runner.py\", line 202, in run_test_function\n    f(execution.data)\n  File \"/Users/home/Documents/Projects/test/projects/Syndio/tests/dashboard_by_role_race_test.py\", line 15, in test_by_race\n    assert_element_text(dashboard_page.pay_equity_gap_p, \"Asians earn 87¢ for every $1 earned by comparable Hispanics\")\n  File \"/Users/home/env/lib/python3.10/site-packages/golem/actions.py\", line 560, in assert_element_text\n    assert element.text == text, msg\nAssertionError: expected element pay_equity_gap_p text to be 'Asians earn 87¢ for every $1 earned by comparable Hispanics' but was 'Women earn 96¢ for every $1 earned by comparable Men'"
                    }
                }
            ],
            "errors": [
                {
                    "message": "AssertionError: expected element pay_equity_gap_p text to be 'Asians earn 87¢ for every $1 earned by comparable Hispanics' but was 'Women earn 96¢ for every $1 earned by comparable Men'",
                    "description": "Traceback (most recent call last):\n  File \"/Users/home/env/lib/python3.10/site-packages/golem/test_runner/test_runner.py\", line 202, in run_test_function\n    f(execution.data)\n  File \"/Users/home/Documents/Projects/test/projects/Syndio/tests/dashboard_by_role_race_test.py\", line 15, in test_by_race\n    assert_element_text(dashboard_page.pay_equity_gap_p, \"Asians earn 87¢ for every $1 earned by comparable Hispanics\")\n  File \"/Users/home/env/lib/python3.10/site-packages/golem/actions.py\", line 560, in assert_element_text\n    assert element.text == text, msg\nAssertionError: expected element pay_equity_gap_p text to be 'Asians earn 87¢ for every $1 earned by comparable Hispanics' but was 'Women earn 96¢ for every $1 earned by comparable Men'"
                }
            ],
            "elapsed_time": 7.27,
            "timestamp": "2022.12.27.19.07.34.203"
        },
        {
            "test_file": "dashboard_by_function_race_test",
            "test": "test_by_race",
            "set_name": "9399d6",
            "environment": "test",
            "result": "failure",
            "description": "Verify when Grouped by Function and either Race tab is selected, text displayed on page is correct and correct tab is highlighted. ",
            "browser": "my_custom_chrome_tablet_vertical",
            "test_data": {
                "env": "{'url': 'http://localhost:3000/', 'name': 'test'}"
            },
            "steps": [
                {
                    "message": "Navigate to: 'http://localhost:3000/'",
                    "screenshot": null,
                    "error": null
                },
                {
                    "message": "Wait for element ('id', 'tab-race', 'tab_race') to be present",
                    "screenshot": null,
                    "error": null
                },
                {
                    "message": "Click tab_race",
                    "screenshot": null,
                    "error": null
                },
                {
                    "message": "Assert element active_tab text is 'Race'",
                    "screenshot": null,
                    "error": null
                },
                {
                    "message": "Assert element pay_equity_gap_label text is 'Pay Equity Gap'",
                    "screenshot": null,
                    "error": null
                },
                {
                    "message": "Assert element pay_equity_gap_p text is 'Hispanics earn 86¢ for every $1 earned by comparable Whites'",
                    "screenshot": null,
                    "error": null
                },
                {
                    "message": "Failure",
                    "screenshot": "Failure_1a7b8.png",
                    "error": {
                        "message": "AssertionError: expected element pay_equity_gap_p text to be 'Hispanics earn 86¢ for every $1 earned by comparable Whites' but was 'Women earn 96¢ for every $1 earned by comparable Men'",
                        "description": "Traceback (most recent call last):\n  File \"/Users/home/env/lib/python3.10/site-packages/golem/test_runner/test_runner.py\", line 202, in run_test_function\n    f(execution.data)\n  File \"/Users/home/Documents/Projects/test/projects/Syndio/tests/dashboard_by_function_race_test.py\", line 12, in test_by_race\n    assert_element_text(dashboard_page.pay_equity_gap_p, \"Hispanics earn 86¢ for every $1 earned by comparable Whites\")\n  File \"/Users/home/env/lib/python3.10/site-packages/golem/actions.py\", line 560, in assert_element_text\n    assert element.text == text, msg\nAssertionError: expected element pay_equity_gap_p text to be 'Hispanics earn 86¢ for every $1 earned by comparable Whites' but was 'Women earn 96¢ for every $1 earned by comparable Men'"
                    }
                }
            ],
            "errors": [
                {
                    "message": "AssertionError: expected element pay_equity_gap_p text to be 'Hispanics earn 86¢ for every $1 earned by comparable Whites' but was 'Women earn 96¢ for every $1 earned by comparable Men'",
                    "description": "Traceback (most recent call last):\n  File \"/Users/home/env/lib/python3.10/site-packages/golem/test_runner/test_runner.py\", line 202, in run_test_function\n    f(execution.data)\n  File \"/Users/home/Documents/Projects/test/projects/Syndio/tests/dashboard_by_function_race_test.py\", line 12, in test_by_race\n    assert_element_text(dashboard_page.pay_equity_gap_p, \"Hispanics earn 86¢ for every $1 earned by comparable Whites\")\n  File \"/Users/home/env/lib/python3.10/site-packages/golem/actions.py\", line 560, in assert_element_text\n    assert element.text == text, msg\nAssertionError: expected element pay_equity_gap_p text to be 'Hispanics earn 86¢ for every $1 earned by comparable Whites' but was 'Women earn 96¢ for every $1 earned by comparable Men'"
                }
            ],
            "elapsed_time": 7.34,
            "timestamp": "2022.12.27.19.07.19.415"
        },
        {
            "test_file": "dashboard_can_select_by_role_test",
            "test": "test_can_select_by_role",
            "set_name": "0709b0",
            "environment": "test",
            "result": "failure",
            "description": null,
            "browser": "my_custom_chrome_phone",
            "test_data": {
                "env": "{'url': 'http://localhost:3000/', 'name': 'test'}"
            },
            "steps": [
                {
                    "message": "Navigate to: 'http://localhost:3000/'",
                    "screenshot": null,
                    "error": null
                },
                {
                    "message": "Click dropdown_button",
                    "screenshot": null,
                    "error": null
                },
                {
                    "message": "Click group_by_role",
                    "screenshot": null,
                    "error": null
                },
                {
                    "message": "Click dropdown_button",
                    "screenshot": null,
                    "error": null
                },
                {
                    "message": "Assert element disabled_dropdown_option text is 'Group by Role'",
                    "screenshot": null,
                    "error": null
                },
                {
                    "message": "Failure",
                    "screenshot": "Failure_11f05.png",
                    "error": {
                        "message": "AssertionError: expected element disabled_dropdown_option text to be 'Group by Role' but was 'Group by Function'",
                        "description": "Traceback (most recent call last):\n  File \"/Users/home/env/lib/python3.10/site-packages/golem/test_runner/test_runner.py\", line 202, in run_test_function\n    f(execution.data)\n  File \"/Users/home/Documents/Projects/test/projects/Syndio/tests/dashboard_can_select_by_role_test.py\", line 10, in test_can_select_by_role\n    dashboard_page.check_disabled_dropdown_option(\"Group by Role\")\n  File \"/Users/home/Documents/Projects/test/projects/Syndio/pages/dashboard_page.py\", line 35, in check_disabled_dropdown_option\n    actions.assert_element_text(disabled_dropdown_option, option_name)\n  File \"/Users/home/env/lib/python3.10/site-packages/golem/actions.py\", line 560, in assert_element_text\n    assert element.text == text, msg\nAssertionError: expected element disabled_dropdown_option text to be 'Group by Role' but was 'Group by Function'"
                    }
                }
            ],
            "errors": [
                {
                    "message": "AssertionError: expected element disabled_dropdown_option text to be 'Group by Role' but was 'Group by Function'",
                    "description": "Traceback (most recent call last):\n  File \"/Users/home/env/lib/python3.10/site-packages/golem/test_runner/test_runner.py\", line 202, in run_test_function\n    f(execution.data)\n  File \"/Users/home/Documents/Projects/test/projects/Syndio/tests/dashboard_can_select_by_role_test.py\", line 10, in test_can_select_by_role\n    dashboard_page.check_disabled_dropdown_option(\"Group by Role\")\n  File \"/Users/home/Documents/Projects/test/projects/Syndio/pages/dashboard_page.py\", line 35, in check_disabled_dropdown_option\n    actions.assert_element_text(disabled_dropdown_option, option_name)\n  File \"/Users/home/env/lib/python3.10/site-packages/golem/actions.py\", line 560, in assert_element_text\n    assert element.text == text, msg\nAssertionError: expected element disabled_dropdown_option text to be 'Group by Role' but was 'Group by Function'"
                }
            ],
            "elapsed_time": 7.03,
            "timestamp": "2022.12.27.19.08.26.191"
        },
        {
            "test_file": "dashboard_by_role_race_test",
            "test": "test_by_race",
            "set_name": "e1dbbe",
            "environment": "test",
            "result": "failure",
            "description": "Verify when Grouped by Role and either Race tab is selected, text displayed on page is correct and correct tab is highlighted. ",
            "browser": "my_custom_chrome_tablet_vertical",
            "test_data": {
                "env": "{'url': 'http://localhost:3000/', 'name': 'test'}"
            },
            "steps": [
                {
                    "message": "Navigate to: 'http://localhost:3000/'",
                    "screenshot": null,
                    "error": null
                },
                {
                    "message": "Click dropdown_button",
                    "screenshot": null,
                    "error": null
                },
                {
                    "message": "Click group_by_role",
                    "screenshot": null,
                    "error": null
                },
                {
                    "message": "Wait for element ('id', 'tab-race', 'tab_race') to be present",
                    "screenshot": null,
                    "error": null
                },
                {
                    "message": "Click tab_race",
                    "screenshot": null,
                    "error": null
                },
                {
                    "message": "Assert element active_tab text is 'Race'",
                    "screenshot": null,
                    "error": null
                },
                {
                    "message": "Assert element pay_equity_gap_label text is 'Pay Equity Gap'",
                    "screenshot": null,
                    "error": null
                },
                {
                    "message": "Assert element pay_equity_gap_p text is 'Asians earn 87¢ for every $1 earned by comparable Hispanics'",
                    "screenshot": null,
                    "error": null
                },
                {
                    "message": "Failure",
                    "screenshot": "Failure_bef3e.png",
                    "error": {
                        "message": "AssertionError: expected element pay_equity_gap_p text to be 'Asians earn 87¢ for every $1 earned by comparable Hispanics' but was 'Women earn 96¢ for every $1 earned by comparable Men'",
                        "description": "Traceback (most recent call last):\n  File \"/Users/home/env/lib/python3.10/site-packages/golem/test_runner/test_runner.py\", line 202, in run_test_function\n    f(execution.data)\n  File \"/Users/home/Documents/Projects/test/projects/Syndio/tests/dashboard_by_role_race_test.py\", line 15, in test_by_race\n    assert_element_text(dashboard_page.pay_equity_gap_p, \"Asians earn 87¢ for every $1 earned by comparable Hispanics\")\n  File \"/Users/home/env/lib/python3.10/site-packages/golem/actions.py\", line 560, in assert_element_text\n    assert element.text == text, msg\nAssertionError: expected element pay_equity_gap_p text to be 'Asians earn 87¢ for every $1 earned by comparable Hispanics' but was 'Women earn 96¢ for every $1 earned by comparable Men'"
                    }
                }
            ],
            "errors": [
                {
                    "message": "AssertionError: expected element pay_equity_gap_p text to be 'Asians earn 87¢ for every $1 earned by comparable Hispanics' but was 'Women earn 96¢ for every $1 earned by comparable Men'",
                    "description": "Traceback (most recent call last):\n  File \"/Users/home/env/lib/python3.10/site-packages/golem/test_runner/test_runner.py\", line 202, in run_test_function\n    f(execution.data)\n  File \"/Users/home/Documents/Projects/test/projects/Syndio/tests/dashboard_by_role_race_test.py\", line 15, in test_by_race\n    assert_element_text(dashboard_page.pay_equity_gap_p, \"Asians earn 87¢ for every $1 earned by comparable Hispanics\")\n  File \"/Users/home/env/lib/python3.10/site-packages/golem/actions.py\", line 560, in assert_element_text\n    assert element.text == text, msg\nAssertionError: expected element pay_equity_gap_p text to be 'Asians earn 87¢ for every $1 earned by comparable Hispanics' but was 'Women earn 96¢ for every $1 earned by comparable Men'"
                }
            ],
            "elapsed_time": 7.13,
            "timestamp": "2022.12.27.19.07.49.337"
        },
        {
            "test_file": "dashboard_dropdowns_test",
            "test": "test_options_in_dropdown",
            "set_name": "97800e",
            "environment": "test",
            "result": "success",
            "description": "Verify dashboard contains dropdown with Group by Function and Group by Role options. Group by Function is selected by default. ",
            "browser": "my_custom_chrome_phone",
            "test_data": {
                "env": "{'url': 'http://localhost:3000/', 'name': 'test'}"
            },
            "steps": [
                {
                    "message": "Navigate to: 'http://localhost:3000/'",
                    "screenshot": null,
                    "error": null
                },
                {
                    "message": "Wait for element ('id', 'tab-gender', 'tab_gender') to be present",
                    "screenshot": null,
                    "error": null
                },
                {
                    "message": "Click dropdown_button",
                    "screenshot": null,
                    "error": null
                },
                {
                    "message": "Assert element group_by_function text is 'Group by Function'",
                    "screenshot": null,
                    "error": null
                },
                {
                    "message": "Assert element group_by_role text is 'Group by Role'",
                    "screenshot": null,
                    "error": null
                },
                {
                    "message": "Assert element disabled_dropdown_option text is 'Group by Function'",
                    "screenshot": null,
                    "error": null
                }
            ],
            "errors": [],
            "elapsed_time": 7.38,
            "timestamp": "2022.12.27.19.09.26.283"
        },
        {
            "test_file": "dashboard_by_role_gender_test",
            "test": "test_by_gender",
            "set_name": "fc40d0",
            "environment": "test",
            "result": "failure",
            "description": "Verify when Grouped by Role and either Gender tab is selected, text displayed on page is correct and correct tab is highlighted. ",
            "browser": "chrome",
            "test_data": {
                "env": "{'url': 'http://localhost:3000/', 'name': 'test'}"
            },
            "steps": [
                {
                    "message": "Navigate to: 'http://localhost:3000/'",
                    "screenshot": null,
                    "error": null
                },
                {
                    "message": "Click dropdown_button",
                    "screenshot": null,
                    "error": null
                },
                {
                    "message": "Click group_by_role",
                    "screenshot": null,
                    "error": null
                },
                {
                    "message": "Wait for element ('id', 'tab-gender', 'tab_gender') to be present",
                    "screenshot": null,
                    "error": null
                },
                {
                    "message": "Assert element active_tab text is 'Gender'",
                    "screenshot": null,
                    "error": null
                },
                {
                    "message": "Assert element pay_equity_gap_label text is 'Pay Equity Gap'",
                    "screenshot": null,
                    "error": null
                },
                {
                    "message": "Assert element pay_equity_gap_p text is 'Men earn 97¢ for every $1 earned by comparable Women'",
                    "screenshot": null,
                    "error": null
                },
                {
                    "message": "Failure",
                    "screenshot": "Failure_20eea.png",
                    "error": {
                        "message": "AssertionError: expected element pay_equity_gap_p text to be 'Men earn 97¢ for every $1 earned by comparable Women' but was 'Women earn 96¢ for every $1 earned by comparable Men'",
                        "description": "Traceback (most recent call last):\n  File \"/Users/home/env/lib/python3.10/site-packages/golem/test_runner/test_runner.py\", line 202, in run_test_function\n    f(execution.data)\n  File \"/Users/home/Documents/Projects/test/projects/Syndio/tests/dashboard_by_role_gender_test.py\", line 14, in test_by_gender\n    assert_element_text(dashboard_page.pay_equity_gap_p, \"Men earn 97¢ for every $1 earned by comparable Women\")\n  File \"/Users/home/env/lib/python3.10/site-packages/golem/actions.py\", line 560, in assert_element_text\n    assert element.text == text, msg\nAssertionError: expected element pay_equity_gap_p text to be 'Men earn 97¢ for every $1 earned by comparable Women' but was 'Women earn 96¢ for every $1 earned by comparable Men'"
                    }
                }
            ],
            "errors": [
                {
                    "message": "AssertionError: expected element pay_equity_gap_p text to be 'Men earn 97¢ for every $1 earned by comparable Women' but was 'Women earn 96¢ for every $1 earned by comparable Men'",
                    "description": "Traceback (most recent call last):\n  File \"/Users/home/env/lib/python3.10/site-packages/golem/test_runner/test_runner.py\", line 202, in run_test_function\n    f(execution.data)\n  File \"/Users/home/Documents/Projects/test/projects/Syndio/tests/dashboard_by_role_gender_test.py\", line 14, in test_by_gender\n    assert_element_text(dashboard_page.pay_equity_gap_p, \"Men earn 97¢ for every $1 earned by comparable Women\")\n  File \"/Users/home/env/lib/python3.10/site-packages/golem/actions.py\", line 560, in assert_element_text\n    assert element.text == text, msg\nAssertionError: expected element pay_equity_gap_p text to be 'Men earn 97¢ for every $1 earned by comparable Women' but was 'Women earn 96¢ for every $1 earned by comparable Men'"
                }
            ],
            "elapsed_time": 7.79,
            "timestamp": "2022.12.27.19.06.35.341"
        },
        {
            "test_file": "dashboard_dropdowns_test",
            "test": "test_options_in_dropdown",
            "set_name": "fdd675",
            "environment": "test",
            "result": "success",
            "description": "Verify dashboard contains dropdown with Group by Function and Group by Role options. Group by Function is selected by default. ",
            "browser": "my_custom_chrome_tablet_vertical",
            "test_data": {
                "env": "{'url': 'http://localhost:3000/', 'name': 'test'}"
            },
            "steps": [
                {
                    "message": "Navigate to: 'http://localhost:3000/'",
                    "screenshot": null,
                    "error": null
                },
                {
                    "message": "Wait for element ('id', 'tab-gender', 'tab_gender') to be present",
                    "screenshot": null,
                    "error": null
                },
                {
                    "message": "Click dropdown_button",
                    "screenshot": null,
                    "error": null
                },
                {
                    "message": "Assert element group_by_function text is 'Group by Function'",
                    "screenshot": null,
                    "error": null
                },
                {
                    "message": "Assert element group_by_role text is 'Group by Role'",
                    "screenshot": null,
                    "error": null
                },
                {
                    "message": "Assert element disabled_dropdown_option text is 'Group by Function'",
                    "screenshot": null,
                    "error": null
                }
            ],
            "errors": [],
            "elapsed_time": 7.31,
            "timestamp": "2022.12.27.19.09.18.904"
        },
        {
            "test_file": "dashboard_by_function_gender_test",
            "test": "test_by_gender",
            "set_name": "62f438",
            "environment": "test",
            "result": "failure",
            "description": "Verify when Grouped by Function and Gender tab is selected, text displayed on page is correct and correct tab is highlighted. ",
            "browser": "chrome",
            "test_data": {
                "env": "{'url': 'http://localhost:3000/', 'name': 'test'}"
            },
            "steps": [
                {
                    "message": "Navigate to: 'http://localhost:3000/'",
                    "screenshot": null,
                    "error": null
                },
                {
                    "message": "Wait for element ('id', 'tab-gender', 'tab_gender') to be present",
                    "screenshot": null,
                    "error": null
                },
                {
                    "message": "Assert element active_tab text is 'Gender'",
                    "screenshot": null,
                    "error": null
                },
                {
                    "message": "Assert element pay_equity_gap_label text is 'Pay Equity Gap'",
                    "screenshot": null,
                    "error": null
                },
                {
                    "message": "Assert element pay_equity_gap_p text is 'Women earn 96¢ for every $1 earned by comparable Men'",
                    "screenshot": null,
                    "error": null
                },
                {
                    "message": "Assert element employees_comparison_label text is 'Employees in Comparison'",
                    "screenshot": null,
                    "error": null
                },
                {
                    "message": "Assert element employees_comparison_p text is 'Women make up 41% of employees'",
                    "screenshot": null,
                    "error": null
                },
                {
                    "message": "Assert element budget_label text is 'Budget'",
                    "screenshot": null,
                    "error": null
                },
                {
                    "message": "Assert element budget_p text is '$235,000 minimum recommended budget to reduce pay equity gap'",
                    "screenshot": null,
                    "error": null
                },
                {
                    "message": "Failure",
                    "screenshot": "Failure_94a8c.png",
                    "error": {
                        "message": "AssertionError: expected element budget_p text to be '$235,000 minimum recommended budget to reduce pay equity gap' but was '$235,000 minimum recommended buget to reduce pay equity gap'",
                        "description": "Traceback (most recent call last):\n  File \"/Users/home/env/lib/python3.10/site-packages/golem/test_runner/test_runner.py\", line 202, in run_test_function\n    f(execution.data)\n  File \"/Users/home/Documents/Projects/test/projects/Syndio/tests/dashboard_by_function_gender_test.py\", line 16, in test_by_gender\n    assert_element_text(dashboard_page.budget_p, \"$235,000 minimum recommended budget to reduce pay equity gap\")\n  File \"/Users/home/env/lib/python3.10/site-packages/golem/actions.py\", line 560, in assert_element_text\n    assert element.text == text, msg\nAssertionError: expected element budget_p text to be '$235,000 minimum recommended budget to reduce pay equity gap' but was '$235,000 minimum recommended buget to reduce pay equity gap'"
                    }
                }
            ],
            "errors": [
                {
                    "message": "AssertionError: expected element budget_p text to be '$235,000 minimum recommended budget to reduce pay equity gap' but was '$235,000 minimum recommended buget to reduce pay equity gap'",
                    "description": "Traceback (most recent call last):\n  File \"/Users/home/env/lib/python3.10/site-packages/golem/test_runner/test_runner.py\", line 202, in run_test_function\n    f(execution.data)\n  File \"/Users/home/Documents/Projects/test/projects/Syndio/tests/dashboard_by_function_gender_test.py\", line 16, in test_by_gender\n    assert_element_text(dashboard_page.budget_p, \"$235,000 minimum recommended budget to reduce pay equity gap\")\n  File \"/Users/home/env/lib/python3.10/site-packages/golem/actions.py\", line 560, in assert_element_text\n    assert element.text == text, msg\nAssertionError: expected element budget_p text to be '$235,000 minimum recommended budget to reduce pay equity gap' but was '$235,000 minimum recommended buget to reduce pay equity gap'"
                }
            ],
            "elapsed_time": 7.31,
            "timestamp": "2022.12.27.19.08.33.285"
        },
        {
            "test_file": "dashboard_by_function_race_test",
            "test": "test_by_race",
            "set_name": "e7e84b",
            "environment": "test",
            "result": "failure",
            "description": "Verify when Grouped by Function and either Race tab is selected, text displayed on page is correct and correct tab is highlighted. ",
            "browser": "my_custom_chrome_phone",
            "test_data": {
                "env": "{'url': 'http://localhost:3000/', 'name': 'test'}"
            },
            "steps": [
                {
                    "message": "Navigate to: 'http://localhost:3000/'",
                    "screenshot": null,
                    "error": null
                },
                {
                    "message": "Wait for element ('id', 'tab-race', 'tab_race') to be present",
                    "screenshot": null,
                    "error": null
                },
                {
                    "message": "Click tab_race",
                    "screenshot": null,
                    "error": null
                },
                {
                    "message": "Assert element active_tab text is 'Race'",
                    "screenshot": null,
                    "error": null
                },
                {
                    "message": "Assert element pay_equity_gap_label text is 'Pay Equity Gap'",
                    "screenshot": null,
                    "error": null
                },
                {
                    "message": "Assert element pay_equity_gap_p text is 'Hispanics earn 86¢ for every $1 earned by comparable Whites'",
                    "screenshot": null,
                    "error": null
                },
                {
                    "message": "Failure",
                    "screenshot": "Failure_d359d.png",
                    "error": {
                        "message": "AssertionError: expected element pay_equity_gap_p text to be 'Hispanics earn 86¢ for every $1 earned by comparable Whites' but was 'Women earn 96¢ for every $1 earned by comparable Men'",
                        "description": "Traceback (most recent call last):\n  File \"/Users/home/env/lib/python3.10/site-packages/golem/test_runner/test_runner.py\", line 202, in run_test_function\n    f(execution.data)\n  File \"/Users/home/Documents/Projects/test/projects/Syndio/tests/dashboard_by_function_race_test.py\", line 12, in test_by_race\n    assert_element_text(dashboard_page.pay_equity_gap_p, \"Hispanics earn 86¢ for every $1 earned by comparable Whites\")\n  File \"/Users/home/env/lib/python3.10/site-packages/golem/actions.py\", line 560, in assert_element_text\n    assert element.text == text, msg\nAssertionError: expected element pay_equity_gap_p text to be 'Hispanics earn 86¢ for every $1 earned by comparable Whites' but was 'Women earn 96¢ for every $1 earned by comparable Men'"
                    }
                }
            ],
            "errors": [
                {
                    "message": "AssertionError: expected element pay_equity_gap_p text to be 'Hispanics earn 86¢ for every $1 earned by comparable Whites' but was 'Women earn 96¢ for every $1 earned by comparable Men'",
                    "description": "Traceback (most recent call last):\n  File \"/Users/home/env/lib/python3.10/site-packages/golem/test_runner/test_runner.py\", line 202, in run_test_function\n    f(execution.data)\n  File \"/Users/home/Documents/Projects/test/projects/Syndio/tests/dashboard_by_function_race_test.py\", line 12, in test_by_race\n    assert_element_text(dashboard_page.pay_equity_gap_p, \"Hispanics earn 86¢ for every $1 earned by comparable Whites\")\n  File \"/Users/home/env/lib/python3.10/site-packages/golem/actions.py\", line 560, in assert_element_text\n    assert element.text == text, msg\nAssertionError: expected element pay_equity_gap_p text to be 'Hispanics earn 86¢ for every $1 earned by comparable Whites' but was 'Women earn 96¢ for every $1 earned by comparable Men'"
                }
            ],
            "elapsed_time": 7.31,
            "timestamp": "2022.12.27.19.07.26.825"
        },
        {
            "test_file": "dashboard_by_role_gender_test",
            "test": "test_by_gender",
            "set_name": "ed6aa3",
            "environment": "test",
            "result": "failure",
            "description": "Verify when Grouped by Role and either Gender tab is selected, text displayed on page is correct and correct tab is highlighted. ",
            "browser": "my_custom_chrome_phone",
            "test_data": {
                "env": "{'url': 'http://localhost:3000/', 'name': 'test'}"
            },
            "steps": [
                {
                    "message": "Navigate to: 'http://localhost:3000/'",
                    "screenshot": null,
                    "error": null
                },
                {
                    "message": "Click dropdown_button",
                    "screenshot": null,
                    "error": null
                },
                {
                    "message": "Click group_by_role",
                    "screenshot": null,
                    "error": null
                },
                {
                    "message": "Wait for element ('id', 'tab-gender', 'tab_gender') to be present",
                    "screenshot": null,
                    "error": null
                },
                {
                    "message": "Assert element active_tab text is 'Gender'",
                    "screenshot": null,
                    "error": null
                },
                {
                    "message": "Assert element pay_equity_gap_label text is 'Pay Equity Gap'",
                    "screenshot": null,
                    "error": null
                },
                {
                    "message": "Assert element pay_equity_gap_p text is 'Men earn 97¢ for every $1 earned by comparable Women'",
                    "screenshot": null,
                    "error": null
                },
                {
                    "message": "Failure",
                    "screenshot": "Failure_b84ed.png",
                    "error": {
                        "message": "AssertionError: expected element pay_equity_gap_p text to be 'Men earn 97¢ for every $1 earned by comparable Women' but was 'Women earn 96¢ for every $1 earned by comparable Men'",
                        "description": "Traceback (most recent call last):\n  File \"/Users/home/env/lib/python3.10/site-packages/golem/test_runner/test_runner.py\", line 202, in run_test_function\n    f(execution.data)\n  File \"/Users/home/Documents/Projects/test/projects/Syndio/tests/dashboard_by_role_gender_test.py\", line 14, in test_by_gender\n    assert_element_text(dashboard_page.pay_equity_gap_p, \"Men earn 97¢ for every $1 earned by comparable Women\")\n  File \"/Users/home/env/lib/python3.10/site-packages/golem/actions.py\", line 560, in assert_element_text\n    assert element.text == text, msg\nAssertionError: expected element pay_equity_gap_p text to be 'Men earn 97¢ for every $1 earned by comparable Women' but was 'Women earn 96¢ for every $1 earned by comparable Men'"
                    }
                }
            ],
            "errors": [
                {
                    "message": "AssertionError: expected element pay_equity_gap_p text to be 'Men earn 97¢ for every $1 earned by comparable Women' but was 'Women earn 96¢ for every $1 earned by comparable Men'",
                    "description": "Traceback (most recent call last):\n  File \"/Users/home/env/lib/python3.10/site-packages/golem/test_runner/test_runner.py\", line 202, in run_test_function\n    f(execution.data)\n  File \"/Users/home/Documents/Projects/test/projects/Syndio/tests/dashboard_by_role_gender_test.py\", line 14, in test_by_gender\n    assert_element_text(dashboard_page.pay_equity_gap_p, \"Men earn 97¢ for every $1 earned by comparable Women\")\n  File \"/Users/home/env/lib/python3.10/site-packages/golem/actions.py\", line 560, in assert_element_text\n    assert element.text == text, msg\nAssertionError: expected element pay_equity_gap_p text to be 'Men earn 97¢ for every $1 earned by comparable Women' but was 'Women earn 96¢ for every $1 earned by comparable Men'"
                }
            ],
            "elapsed_time": 7.08,
            "timestamp": "2022.12.27.19.06.57.383"
        },
        {
            "test_file": "dashboard_by_role_race_test",
            "test": "test_by_race",
            "set_name": "761b5e",
            "environment": "test",
            "result": "failure",
            "description": "Verify when Grouped by Role and either Race tab is selected, text displayed on page is correct and correct tab is highlighted. ",
            "browser": "my_custom_chrome_tablet_horizontal",
            "test_data": {
                "env": "{'url': 'http://localhost:3000/', 'name': 'test'}"
            },
            "steps": [
                {
                    "message": "Navigate to: 'http://localhost:3000/'",
                    "screenshot": null,
                    "error": null
                },
                {
                    "message": "Click dropdown_button",
                    "screenshot": null,
                    "error": null
                },
                {
                    "message": "Click group_by_role",
                    "screenshot": null,
                    "error": null
                },
                {
                    "message": "Wait for element ('id', 'tab-race', 'tab_race') to be present",
                    "screenshot": null,
                    "error": null
                },
                {
                    "message": "Click tab_race",
                    "screenshot": null,
                    "error": null
                },
                {
                    "message": "Assert element active_tab text is 'Race'",
                    "screenshot": null,
                    "error": null
                },
                {
                    "message": "Assert element pay_equity_gap_label text is 'Pay Equity Gap'",
                    "screenshot": null,
                    "error": null
                },
                {
                    "message": "Assert element pay_equity_gap_p text is 'Asians earn 87¢ for every $1 earned by comparable Hispanics'",
                    "screenshot": null,
                    "error": null
                },
                {
                    "message": "Failure",
                    "screenshot": "Failure_606b5.png",
                    "error": {
                        "message": "AssertionError: expected element pay_equity_gap_p text to be 'Asians earn 87¢ for every $1 earned by comparable Hispanics' but was 'Women earn 96¢ for every $1 earned by comparable Men'",
                        "description": "Traceback (most recent call last):\n  File \"/Users/home/env/lib/python3.10/site-packages/golem/test_runner/test_runner.py\", line 202, in run_test_function\n    f(execution.data)\n  File \"/Users/home/Documents/Projects/test/projects/Syndio/tests/dashboard_by_role_race_test.py\", line 15, in test_by_race\n    assert_element_text(dashboard_page.pay_equity_gap_p, \"Asians earn 87¢ for every $1 earned by comparable Hispanics\")\n  File \"/Users/home/env/lib/python3.10/site-packages/golem/actions.py\", line 560, in assert_element_text\n    assert element.text == text, msg\nAssertionError: expected element pay_equity_gap_p text to be 'Asians earn 87¢ for every $1 earned by comparable Hispanics' but was 'Women earn 96¢ for every $1 earned by comparable Men'"
                    }
                }
            ],
            "errors": [
                {
                    "message": "AssertionError: expected element pay_equity_gap_p text to be 'Asians earn 87¢ for every $1 earned by comparable Hispanics' but was 'Women earn 96¢ for every $1 earned by comparable Men'",
                    "description": "Traceback (most recent call last):\n  File \"/Users/home/env/lib/python3.10/site-packages/golem/test_runner/test_runner.py\", line 202, in run_test_function\n    f(execution.data)\n  File \"/Users/home/Documents/Projects/test/projects/Syndio/tests/dashboard_by_role_race_test.py\", line 15, in test_by_race\n    assert_element_text(dashboard_page.pay_equity_gap_p, \"Asians earn 87¢ for every $1 earned by comparable Hispanics\")\n  File \"/Users/home/env/lib/python3.10/site-packages/golem/actions.py\", line 560, in assert_element_text\n    assert element.text == text, msg\nAssertionError: expected element pay_equity_gap_p text to be 'Asians earn 87¢ for every $1 earned by comparable Hispanics' but was 'Women earn 96¢ for every $1 earned by comparable Men'"
                }
            ],
            "elapsed_time": 7.73,
            "timestamp": "2022.12.27.19.07.41.542"
        },
        {
            "test_file": "dashboard_by_function_gender_test",
            "test": "test_by_gender",
            "set_name": "b1d810",
            "environment": "test",
            "result": "failure",
            "description": "Verify when Grouped by Function and Gender tab is selected, text displayed on page is correct and correct tab is highlighted. ",
            "browser": "my_custom_chrome_tablet_horizontal",
            "test_data": {
                "env": "{'url': 'http://localhost:3000/', 'name': 'test'}"
            },
            "steps": [
                {
                    "message": "Navigate to: 'http://localhost:3000/'",
                    "screenshot": null,
                    "error": null
                },
                {
                    "message": "Wait for element ('id', 'tab-gender', 'tab_gender') to be present",
                    "screenshot": null,
                    "error": null
                },
                {
                    "message": "Assert element active_tab text is 'Gender'",
                    "screenshot": null,
                    "error": null
                },
                {
                    "message": "Assert element pay_equity_gap_label text is 'Pay Equity Gap'",
                    "screenshot": null,
                    "error": null
                },
                {
                    "message": "Assert element pay_equity_gap_p text is 'Women earn 96¢ for every $1 earned by comparable Men'",
                    "screenshot": null,
                    "error": null
                },
                {
                    "message": "Assert element employees_comparison_label text is 'Employees in Comparison'",
                    "screenshot": null,
                    "error": null
                },
                {
                    "message": "Assert element employees_comparison_p text is 'Women make up 41% of employees'",
                    "screenshot": null,
                    "error": null
                },
                {
                    "message": "Assert element budget_label text is 'Budget'",
                    "screenshot": null,
                    "error": null
                },
                {
                    "message": "Assert element budget_p text is '$235,000 minimum recommended budget to reduce pay equity gap'",
                    "screenshot": null,
                    "error": null
                },
                {
                    "message": "Failure",
                    "screenshot": "Failure_797d7.png",
                    "error": {
                        "message": "AssertionError: expected element budget_p text to be '$235,000 minimum recommended budget to reduce pay equity gap' but was '$235,000 minimum recommended buget to reduce pay equity gap'",
                        "description": "Traceback (most recent call last):\n  File \"/Users/home/env/lib/python3.10/site-packages/golem/test_runner/test_runner.py\", line 202, in run_test_function\n    f(execution.data)\n  File \"/Users/home/Documents/Projects/test/projects/Syndio/tests/dashboard_by_function_gender_test.py\", line 16, in test_by_gender\n    assert_element_text(dashboard_page.budget_p, \"$235,000 minimum recommended budget to reduce pay equity gap\")\n  File \"/Users/home/env/lib/python3.10/site-packages/golem/actions.py\", line 560, in assert_element_text\n    assert element.text == text, msg\nAssertionError: expected element budget_p text to be '$235,000 minimum recommended budget to reduce pay equity gap' but was '$235,000 minimum recommended buget to reduce pay equity gap'"
                    }
                }
            ],
            "errors": [
                {
                    "message": "AssertionError: expected element budget_p text to be '$235,000 minimum recommended budget to reduce pay equity gap' but was '$235,000 minimum recommended buget to reduce pay equity gap'",
                    "description": "Traceback (most recent call last):\n  File \"/Users/home/env/lib/python3.10/site-packages/golem/test_runner/test_runner.py\", line 202, in run_test_function\n    f(execution.data)\n  File \"/Users/home/Documents/Projects/test/projects/Syndio/tests/dashboard_by_function_gender_test.py\", line 16, in test_by_gender\n    assert_element_text(dashboard_page.budget_p, \"$235,000 minimum recommended budget to reduce pay equity gap\")\n  File \"/Users/home/env/lib/python3.10/site-packages/golem/actions.py\", line 560, in assert_element_text\n    assert element.text == text, msg\nAssertionError: expected element budget_p text to be '$235,000 minimum recommended budget to reduce pay equity gap' but was '$235,000 minimum recommended buget to reduce pay equity gap'"
                }
            ],
            "elapsed_time": 7.17,
            "timestamp": "2022.12.27.19.08.40.660"
        },
        {
            "test_file": "dashboard_can_select_by_role_test",
            "test": "test_can_select_by_role",
            "set_name": "154208",
            "environment": "test",
            "result": "failure",
            "description": null,
            "browser": "chrome",
            "test_data": {
                "env": "{'url': 'http://localhost:3000/', 'name': 'test'}"
            },
            "steps": [
                {
                    "message": "Navigate to: 'http://localhost:3000/'",
                    "screenshot": null,
                    "error": null
                },
                {
                    "message": "Click dropdown_button",
                    "screenshot": null,
                    "error": null
                },
                {
                    "message": "Click group_by_role",
                    "screenshot": null,
                    "error": null
                },
                {
                    "message": "Click dropdown_button",
                    "screenshot": null,
                    "error": null
                },
                {
                    "message": "Assert element disabled_dropdown_option text is 'Group by Role'",
                    "screenshot": null,
                    "error": null
                },
                {
                    "message": "Failure",
                    "screenshot": "Failure_33db1.png",
                    "error": {
                        "message": "AssertionError: expected element disabled_dropdown_option text to be 'Group by Role' but was 'Group by Function'",
                        "description": "Traceback (most recent call last):\n  File \"/Users/home/env/lib/python3.10/site-packages/golem/test_runner/test_runner.py\", line 202, in run_test_function\n    f(execution.data)\n  File \"/Users/home/Documents/Projects/test/projects/Syndio/tests/dashboard_can_select_by_role_test.py\", line 10, in test_can_select_by_role\n    dashboard_page.check_disabled_dropdown_option(\"Group by Role\")\n  File \"/Users/home/Documents/Projects/test/projects/Syndio/pages/dashboard_page.py\", line 35, in check_disabled_dropdown_option\n    actions.assert_element_text(disabled_dropdown_option, option_name)\n  File \"/Users/home/env/lib/python3.10/site-packages/golem/actions.py\", line 560, in assert_element_text\n    assert element.text == text, msg\nAssertionError: expected element disabled_dropdown_option text to be 'Group by Role' but was 'Group by Function'"
                    }
                }
            ],
            "errors": [
                {
                    "message": "AssertionError: expected element disabled_dropdown_option text to be 'Group by Role' but was 'Group by Function'",
                    "description": "Traceback (most recent call last):\n  File \"/Users/home/env/lib/python3.10/site-packages/golem/test_runner/test_runner.py\", line 202, in run_test_function\n    f(execution.data)\n  File \"/Users/home/Documents/Projects/test/projects/Syndio/tests/dashboard_can_select_by_role_test.py\", line 10, in test_can_select_by_role\n    dashboard_page.check_disabled_dropdown_option(\"Group by Role\")\n  File \"/Users/home/Documents/Projects/test/projects/Syndio/pages/dashboard_page.py\", line 35, in check_disabled_dropdown_option\n    actions.assert_element_text(disabled_dropdown_option, option_name)\n  File \"/Users/home/env/lib/python3.10/site-packages/golem/actions.py\", line 560, in assert_element_text\n    assert element.text == text, msg\nAssertionError: expected element disabled_dropdown_option text to be 'Group by Role' but was 'Group by Function'"
                }
            ],
            "elapsed_time": 7.18,
            "timestamp": "2022.12.27.19.08.03.715"
        },
        {
            "test_file": "dashboard_by_role_gender_test",
            "test": "test_by_gender",
            "set_name": "ce9984",
            "environment": "test",
            "result": "failure",
            "description": "Verify when Grouped by Role and either Gender tab is selected, text displayed on page is correct and correct tab is highlighted. ",
            "browser": "my_custom_chrome_tablet_horizontal",
            "test_data": {
                "env": "{'url': 'http://localhost:3000/', 'name': 'test'}"
            },
            "steps": [
                {
                    "message": "Navigate to: 'http://localhost:3000/'",
                    "screenshot": null,
                    "error": null
                },
                {
                    "message": "Click dropdown_button",
                    "screenshot": null,
                    "error": null
                },
                {
                    "message": "Click group_by_role",
                    "screenshot": null,
                    "error": null
                },
                {
                    "message": "Wait for element ('id', 'tab-gender', 'tab_gender') to be present",
                    "screenshot": null,
                    "error": null
                },
                {
                    "message": "Assert element active_tab text is 'Gender'",
                    "screenshot": null,
                    "error": null
                },
                {
                    "message": "Assert element pay_equity_gap_label text is 'Pay Equity Gap'",
                    "screenshot": null,
                    "error": null
                },
                {
                    "message": "Assert element pay_equity_gap_p text is 'Men earn 97¢ for every $1 earned by comparable Women'",
                    "screenshot": null,
                    "error": null
                },
                {
                    "message": "Failure",
                    "screenshot": "Failure_97cff.png",
                    "error": {
                        "message": "AssertionError: expected element pay_equity_gap_p text to be 'Men earn 97¢ for every $1 earned by comparable Women' but was 'Women earn 96¢ for every $1 earned by comparable Men'",
                        "description": "Traceback (most recent call last):\n  File \"/Users/home/env/lib/python3.10/site-packages/golem/test_runner/test_runner.py\", line 202, in run_test_function\n    f(execution.data)\n  File \"/Users/home/Documents/Projects/test/projects/Syndio/tests/dashboard_by_role_gender_test.py\", line 14, in test_by_gender\n    assert_element_text(dashboard_page.pay_equity_gap_p, \"Men earn 97¢ for every $1 earned by comparable Women\")\n  File \"/Users/home/env/lib/python3.10/site-packages/golem/actions.py\", line 560, in assert_element_text\n    assert element.text == text, msg\nAssertionError: expected element pay_equity_gap_p text to be 'Men earn 97¢ for every $1 earned by comparable Women' but was 'Women earn 96¢ for every $1 earned by comparable Men'"
                    }
                }
            ],
            "errors": [
                {
                    "message": "AssertionError: expected element pay_equity_gap_p text to be 'Men earn 97¢ for every $1 earned by comparable Women' but was 'Women earn 96¢ for every $1 earned by comparable Men'",
                    "description": "Traceback (most recent call last):\n  File \"/Users/home/env/lib/python3.10/site-packages/golem/test_runner/test_runner.py\", line 202, in run_test_function\n    f(execution.data)\n  File \"/Users/home/Documents/Projects/test/projects/Syndio/tests/dashboard_by_role_gender_test.py\", line 14, in test_by_gender\n    assert_element_text(dashboard_page.pay_equity_gap_p, \"Men earn 97¢ for every $1 earned by comparable Women\")\n  File \"/Users/home/env/lib/python3.10/site-packages/golem/actions.py\", line 560, in assert_element_text\n    assert element.text == text, msg\nAssertionError: expected element pay_equity_gap_p text to be 'Men earn 97¢ for every $1 earned by comparable Women' but was 'Women earn 96¢ for every $1 earned by comparable Men'"
                }
            ],
            "elapsed_time": 7.03,
            "timestamp": "2022.12.27.19.06.43.198"
        },
        {
            "test_file": "dashboard_by_function_race_test",
            "test": "test_by_race",
            "set_name": "05704d",
            "environment": "test",
            "result": "failure",
            "description": "Verify when Grouped by Function and either Race tab is selected, text displayed on page is correct and correct tab is highlighted. ",
            "browser": "chrome",
            "test_data": {
                "env": "{'url': 'http://localhost:3000/', 'name': 'test'}"
            },
            "steps": [
                {
                    "message": "Navigate to: 'http://localhost:3000/'",
                    "screenshot": null,
                    "error": null
                },
                {
                    "message": "Wait for element ('id', 'tab-race', 'tab_race') to be present",
                    "screenshot": null,
                    "error": null
                },
                {
                    "message": "Click tab_race",
                    "screenshot": null,
                    "error": null
                },
                {
                    "message": "Assert element active_tab text is 'Race'",
                    "screenshot": null,
                    "error": null
                },
                {
                    "message": "Assert element pay_equity_gap_label text is 'Pay Equity Gap'",
                    "screenshot": null,
                    "error": null
                },
                {
                    "message": "Assert element pay_equity_gap_p text is 'Hispanics earn 86¢ for every $1 earned by comparable Whites'",
                    "screenshot": null,
                    "error": null
                },
                {
                    "message": "Failure",
                    "screenshot": "Failure_f0222.png",
                    "error": {
                        "message": "AssertionError: expected element pay_equity_gap_p text to be 'Hispanics earn 86¢ for every $1 earned by comparable Whites' but was 'Women earn 96¢ for every $1 earned by comparable Men'",
                        "description": "Traceback (most recent call last):\n  File \"/Users/home/env/lib/python3.10/site-packages/golem/test_runner/test_runner.py\", line 202, in run_test_function\n    f(execution.data)\n  File \"/Users/home/Documents/Projects/test/projects/Syndio/tests/dashboard_by_function_race_test.py\", line 12, in test_by_race\n    assert_element_text(dashboard_page.pay_equity_gap_p, \"Hispanics earn 86¢ for every $1 earned by comparable Whites\")\n  File \"/Users/home/env/lib/python3.10/site-packages/golem/actions.py\", line 560, in assert_element_text\n    assert element.text == text, msg\nAssertionError: expected element pay_equity_gap_p text to be 'Hispanics earn 86¢ for every $1 earned by comparable Whites' but was 'Women earn 96¢ for every $1 earned by comparable Men'"
                    }
                }
            ],
            "errors": [
                {
                    "message": "AssertionError: expected element pay_equity_gap_p text to be 'Hispanics earn 86¢ for every $1 earned by comparable Whites' but was 'Women earn 96¢ for every $1 earned by comparable Men'",
                    "description": "Traceback (most recent call last):\n  File \"/Users/home/env/lib/python3.10/site-packages/golem/test_runner/test_runner.py\", line 202, in run_test_function\n    f(execution.data)\n  File \"/Users/home/Documents/Projects/test/projects/Syndio/tests/dashboard_by_function_race_test.py\", line 12, in test_by_race\n    assert_element_text(dashboard_page.pay_equity_gap_p, \"Hispanics earn 86¢ for every $1 earned by comparable Whites\")\n  File \"/Users/home/env/lib/python3.10/site-packages/golem/actions.py\", line 560, in assert_element_text\n    assert element.text == text, msg\nAssertionError: expected element pay_equity_gap_p text to be 'Hispanics earn 86¢ for every $1 earned by comparable Whites' but was 'Women earn 96¢ for every $1 earned by comparable Men'"
                }
            ],
            "elapsed_time": 7.44,
            "timestamp": "2022.12.27.19.07.04.524"
        },
        {
            "test_file": "dashboard_can_select_by_role_test",
            "test": "test_can_select_by_role",
            "set_name": "20c8e3",
            "environment": "test",
            "result": "failure",
            "description": null,
            "browser": "my_custom_chrome_tablet_horizontal",
            "test_data": {
                "env": "{'url': 'http://localhost:3000/', 'name': 'test'}"
            },
            "steps": [
                {
                    "message": "Navigate to: 'http://localhost:3000/'",
                    "screenshot": null,
                    "error": null
                },
                {
                    "message": "Click dropdown_button",
                    "screenshot": null,
                    "error": null
                },
                {
                    "message": "Click group_by_role",
                    "screenshot": null,
                    "error": null
                },
                {
                    "message": "Click dropdown_button",
                    "screenshot": null,
                    "error": null
                },
                {
                    "message": "Assert element disabled_dropdown_option text is 'Group by Role'",
                    "screenshot": null,
                    "error": null
                },
                {
                    "message": "Failure",
                    "screenshot": "Failure_144d8.png",
                    "error": {
                        "message": "AssertionError: expected element disabled_dropdown_option text to be 'Group by Role' but was 'Group by Function'",
                        "description": "Traceback (most recent call last):\n  File \"/Users/home/env/lib/python3.10/site-packages/golem/test_runner/test_runner.py\", line 202, in run_test_function\n    f(execution.data)\n  File \"/Users/home/Documents/Projects/test/projects/Syndio/tests/dashboard_can_select_by_role_test.py\", line 10, in test_can_select_by_role\n    dashboard_page.check_disabled_dropdown_option(\"Group by Role\")\n  File \"/Users/home/Documents/Projects/test/projects/Syndio/pages/dashboard_page.py\", line 35, in check_disabled_dropdown_option\n    actions.assert_element_text(disabled_dropdown_option, option_name)\n  File \"/Users/home/env/lib/python3.10/site-packages/golem/actions.py\", line 560, in assert_element_text\n    assert element.text == text, msg\nAssertionError: expected element disabled_dropdown_option text to be 'Group by Role' but was 'Group by Function'"
                    }
                }
            ],
            "errors": [
                {
                    "message": "AssertionError: expected element disabled_dropdown_option text to be 'Group by Role' but was 'Group by Function'",
                    "description": "Traceback (most recent call last):\n  File \"/Users/home/env/lib/python3.10/site-packages/golem/test_runner/test_runner.py\", line 202, in run_test_function\n    f(execution.data)\n  File \"/Users/home/Documents/Projects/test/projects/Syndio/tests/dashboard_can_select_by_role_test.py\", line 10, in test_can_select_by_role\n    dashboard_page.check_disabled_dropdown_option(\"Group by Role\")\n  File \"/Users/home/Documents/Projects/test/projects/Syndio/pages/dashboard_page.py\", line 35, in check_disabled_dropdown_option\n    actions.assert_element_text(disabled_dropdown_option, option_name)\n  File \"/Users/home/env/lib/python3.10/site-packages/golem/actions.py\", line 560, in assert_element_text\n    assert element.text == text, msg\nAssertionError: expected element disabled_dropdown_option text to be 'Group by Role' but was 'Group by Function'"
                }
            ],
            "elapsed_time": 8.07,
            "timestamp": "2022.12.27.19.08.10.959"
        },
        {
            "test_file": "dashboard_dropdowns_test",
            "test": "test_options_in_dropdown",
            "set_name": "49e926",
            "environment": "test",
            "result": "success",
            "description": "Verify dashboard contains dropdown with Group by Function and Group by Role options. Group by Function is selected by default. ",
            "browser": "my_custom_chrome_tablet_horizontal",
            "test_data": {
                "env": "{'url': 'http://localhost:3000/', 'name': 'test'}"
            },
            "steps": [
                {
                    "message": "Navigate to: 'http://localhost:3000/'",
                    "screenshot": null,
                    "error": null
                },
                {
                    "message": "Wait for element ('id', 'tab-gender', 'tab_gender') to be present",
                    "screenshot": null,
                    "error": null
                },
                {
                    "message": "Click dropdown_button",
                    "screenshot": null,
                    "error": null
                },
                {
                    "message": "Assert element group_by_function text is 'Group by Function'",
                    "screenshot": null,
                    "error": null
                },
                {
                    "message": "Assert element group_by_role text is 'Group by Role'",
                    "screenshot": null,
                    "error": null
                },
                {
                    "message": "Assert element disabled_dropdown_option text is 'Group by Function'",
                    "screenshot": null,
                    "error": null
                }
            ],
            "errors": [],
            "elapsed_time": 7.36,
            "timestamp": "2022.12.27.19.09.11.478"
        },
        {
            "test_file": "dashboard_by_role_gender_test",
            "test": "test_by_gender",
            "set_name": "0fc1f5",
            "environment": "test",
            "result": "failure",
            "description": "Verify when Grouped by Role and either Gender tab is selected, text displayed on page is correct and correct tab is highlighted. ",
            "browser": "my_custom_chrome_tablet_vertical",
            "test_data": {
                "env": "{'url': 'http://localhost:3000/', 'name': 'test'}"
            },
            "steps": [
                {
                    "message": "Navigate to: 'http://localhost:3000/'",
                    "screenshot": null,
                    "error": null
                },
                {
                    "message": "Click dropdown_button",
                    "screenshot": null,
                    "error": null
                },
                {
                    "message": "Click group_by_role",
                    "screenshot": null,
                    "error": null
                },
                {
                    "message": "Wait for element ('id', 'tab-gender', 'tab_gender') to be present",
                    "screenshot": null,
                    "error": null
                },
                {
                    "message": "Assert element active_tab text is 'Gender'",
                    "screenshot": null,
                    "error": null
                },
                {
                    "message": "Assert element pay_equity_gap_label text is 'Pay Equity Gap'",
                    "screenshot": null,
                    "error": null
                },
                {
                    "message": "Assert element pay_equity_gap_p text is 'Men earn 97¢ for every $1 earned by comparable Women'",
                    "screenshot": null,
                    "error": null
                },
                {
                    "message": "Failure",
                    "screenshot": "Failure_d8b5d.png",
                    "error": {
                        "message": "AssertionError: expected element pay_equity_gap_p text to be 'Men earn 97¢ for every $1 earned by comparable Women' but was 'Women earn 96¢ for every $1 earned by comparable Men'",
                        "description": "Traceback (most recent call last):\n  File \"/Users/home/env/lib/python3.10/site-packages/golem/test_runner/test_runner.py\", line 202, in run_test_function\n    f(execution.data)\n  File \"/Users/home/Documents/Projects/test/projects/Syndio/tests/dashboard_by_role_gender_test.py\", line 14, in test_by_gender\n    assert_element_text(dashboard_page.pay_equity_gap_p, \"Men earn 97¢ for every $1 earned by comparable Women\")\n  File \"/Users/home/env/lib/python3.10/site-packages/golem/actions.py\", line 560, in assert_element_text\n    assert element.text == text, msg\nAssertionError: expected element pay_equity_gap_p text to be 'Men earn 97¢ for every $1 earned by comparable Women' but was 'Women earn 96¢ for every $1 earned by comparable Men'"
                    }
                }
            ],
            "errors": [
                {
                    "message": "AssertionError: expected element pay_equity_gap_p text to be 'Men earn 97¢ for every $1 earned by comparable Women' but was 'Women earn 96¢ for every $1 earned by comparable Men'",
                    "description": "Traceback (most recent call last):\n  File \"/Users/home/env/lib/python3.10/site-packages/golem/test_runner/test_runner.py\", line 202, in run_test_function\n    f(execution.data)\n  File \"/Users/home/Documents/Projects/test/projects/Syndio/tests/dashboard_by_role_gender_test.py\", line 14, in test_by_gender\n    assert_element_text(dashboard_page.pay_equity_gap_p, \"Men earn 97¢ for every $1 earned by comparable Women\")\n  File \"/Users/home/env/lib/python3.10/site-packages/golem/actions.py\", line 560, in assert_element_text\n    assert element.text == text, msg\nAssertionError: expected element pay_equity_gap_p text to be 'Men earn 97¢ for every $1 earned by comparable Women' but was 'Women earn 96¢ for every $1 earned by comparable Men'"
                }
            ],
            "elapsed_time": 7.02,
            "timestamp": "2022.12.27.19.06.50.293"
        }
    ],
    "params": {
        "browsers": [
            {
                "name": "chrome",
                "capabilities": {}
            },
            {
                "name": "my_custom_chrome_tablet_horizontal",
                "capabilities": {}
            },
            {
                "name": "my_custom_chrome_tablet_vertical",
                "capabilities": {}
            },
            {
                "name": "my_custom_chrome_phone",
                "capabilities": {}
            }
        ],
        "processes": 1,
        "environments": [
            "test"
        ],
        "tags": [],
        "remote_url": ""
    },
    "total_tests": 24,
    "totals_by_result": {
        "failure": 20,
        "success": 4
    },
    "net_elapsed_time": 178.38,
    "has_finished": true
}