19:07:49.337 INFO Test execution started: dashboard_by_role_race_test
19:07:49.337 INFO Browser: my_custom_chrome_tablet_vertical
19:07:49.337 INFO Environment: test
19:07:49.337 INFO Using data:
    url: http://localhost:3000/
19:07:49.338 INFO Test started: test_by_race
19:07:49.338 INFO Navigate to: 'http://localhost:3000/'
19:07:55.260 INFO Click dropdown_button
19:07:56.140 INFO Click group_by_role
19:07:56.248 INFO Wait for element ('id', 'tab-race', 'tab_race') to be present
19:07:56.258 INFO Click tab_race
19:07:56.295 INFO Assert element active_tab text is 'Race'
19:07:56.352 INFO Assert element pay_equity_gap_label text is 'Pay Equity Gap'
19:07:56.370 INFO Assert element pay_equity_gap_p text is 'Asians earn 87¢ for every $1 earned by comparable Hispanics'
19:07:56.390 ERROR AssertionError: expected element pay_equity_gap_p text to be 'Asians earn 87¢ for every $1 earned by comparable Hispanics' but was 'Women earn 96¢ for every $1 earned by comparable Men'
Traceback (most recent call last):
  File "/Users/home/env/lib/python3.10/site-packages/golem/test_runner/test_runner.py", line 202, in run_test_function
    f(execution.data)
  File "/Users/home/Documents/Projects/test/projects/Syndio/tests/dashboard_by_role_race_test.py", line 15, in test_by_race
    assert_element_text(dashboard_page.pay_equity_gap_p, "Asians earn 87¢ for every $1 earned by comparable Hispanics")
  File "/Users/home/env/lib/python3.10/site-packages/golem/actions.py", line 560, in assert_element_text
    assert element.text == text, msg
AssertionError: expected element pay_equity_gap_p text to be 'Asians earn 87¢ for every $1 earned by comparable Hispanics' but was 'Women earn 96¢ for every $1 earned by comparable Men'
19:07:56.472 INFO Test Result: FAILURE
