19:08:10.959 INFO Test execution started: dashboard_can_select_by_role_test
19:08:10.959 INFO Browser: my_custom_chrome_tablet_horizontal
19:08:10.959 INFO Environment: test
19:08:10.959 INFO Using data:
    url: http://localhost:3000/
19:08:10.960 INFO Test started: test_can_select_by_role
19:08:10.960 INFO Navigate to: 'http://localhost:3000/'
19:08:16.860 INFO Click dropdown_button
19:08:18.771 INFO Click group_by_role
19:08:18.885 INFO Click dropdown_button
19:08:18.919 INFO Assert element disabled_dropdown_option text is 'Group by Role'
19:08:18.951 ERROR AssertionError: expected element disabled_dropdown_option text to be 'Group by Role' but was 'Group by Function'
Traceback (most recent call last):
  File "/Users/home/env/lib/python3.10/site-packages/golem/test_runner/test_runner.py", line 202, in run_test_function
    f(execution.data)
  File "/Users/home/Documents/Projects/test/projects/Syndio/tests/dashboard_can_select_by_role_test.py", line 10, in test_can_select_by_role
    dashboard_page.check_disabled_dropdown_option("Group by Role")
  File "/Users/home/Documents/Projects/test/projects/Syndio/pages/dashboard_page.py", line 35, in check_disabled_dropdown_option
    actions.assert_element_text(disabled_dropdown_option, option_name)
  File "/Users/home/env/lib/python3.10/site-packages/golem/actions.py", line 560, in assert_element_text
    assert element.text == text, msg
AssertionError: expected element disabled_dropdown_option text to be 'Group by Role' but was 'Group by Function'
19:08:19.034 INFO Test Result: FAILURE
