12:41:57.975 INFO Test execution started: dashboard_by_role_race_test
12:41:57.976 INFO Browser: chrome
12:41:57.976 INFO Environment: test
12:41:57.976 INFO Using data:
    url: http://localhost:3000/
12:41:57.977 INFO Test started: test_by_race
12:41:57.977 INFO Navigate to: 'http://localhost:3000/'
12:42:04.708 INFO Click dropdown_button
12:42:05.650 INFO Click group_by_role
12:42:05.769 INFO Wait for element ('id', 'tab-race', 'tab_race') to be present
12:42:05.782 INFO Click tab_race
12:42:05.854 INFO Assert element active_tab text is 'Race'
12:42:05.895 INFO Assert element pay_equity_gap_label text is 'Pay Equity Gap'
12:42:05.914 INFO Assert element pay_equity_gap_p text is 'Asians earn 87¢ for every $1 earned by comparable Hispanics'
12:42:05.934 ERROR AssertionError: expected element pay_equity_gap_p text to be 'Asians earn 87¢ for every $1 earned by comparable Hispanics' but was 'Women earn 96¢ for every $1 earned by comparable Men'
Traceback (most recent call last):
  File "/Users/home/env/lib/python3.10/site-packages/golem/test_runner/test_runner.py", line 202, in run_test_function
    f(execution.data)
  File "/Users/home/Documents/Projects/test/projects/Syndio/tests/dashboard_by_role_race_test.py", line 15, in test_by_race
    assert_element_text(dashboard_page.pay_equity_gap_p, "Asians earn 87¢ for every $1 earned by comparable Hispanics")
  File "/Users/home/env/lib/python3.10/site-packages/golem/actions.py", line 560, in assert_element_text
    assert element.text == text, msg
AssertionError: expected element pay_equity_gap_p text to be 'Asians earn 87¢ for every $1 earned by comparable Hispanics' but was 'Women earn 96¢ for every $1 earned by comparable Men'
12:42:06.111 INFO Test Result: FAILURE
