18:59:35.594 INFO Test execution started: dashboard_by_role_race_test
18:59:35.595 INFO Browser: my_custom_chrome_phone
18:59:35.595 INFO Environment: test
18:59:35.595 INFO Using data:
    url: http://localhost:3000/
18:59:35.595 INFO Test started: test_by_race
18:59:35.595 INFO Navigate to: 'http://localhost:3000/'
18:59:41.483 INFO Click dropdown_button
18:59:42.350 INFO Click group_by_role
18:59:42.467 INFO Wait for element ('id', 'tab-race', 'tab_race') to be present
18:59:42.477 INFO Click tab_race
18:59:42.514 INFO Assert element active_tab text is 'Race'
18:59:42.570 INFO Assert element pay_equity_gap_label text is 'Pay Equity Gap'
18:59:42.589 INFO Assert element pay_equity_gap_p text is 'Asians earn 87¢ for every $1 earned by comparable Hispanics'
18:59:42.608 ERROR AssertionError: expected element pay_equity_gap_p text to be 'Asians earn 87¢ for every $1 earned by comparable Hispanics' but was 'Women earn 96¢ for every $1 earned by comparable Men'
Traceback (most recent call last):
  File "/Users/home/env/lib/python3.10/site-packages/golem/test_runner/test_runner.py", line 202, in run_test_function
    f(execution.data)
  File "/Users/home/Documents/Projects/test/projects/Syndio/tests/dashboard_by_role_race_test.py", line 13, in test_by_race
    assert_element_text(dashboard_page.pay_equity_gap_p, "Asians earn 87¢ for every $1 earned by comparable Hispanics")
  File "/Users/home/env/lib/python3.10/site-packages/golem/actions.py", line 560, in assert_element_text
    assert element.text == text, msg
AssertionError: expected element pay_equity_gap_p text to be 'Asians earn 87¢ for every $1 earned by comparable Hispanics' but was 'Women earn 96¢ for every $1 earned by comparable Men'
18:59:42.650 INFO Test Result: FAILURE
