12:40:56.422 INFO Test execution started: dashboard_by_role_gender_test
12:40:56.422 INFO Browser: chrome
12:40:56.422 INFO Environment: test
12:40:56.422 INFO Using data:
    url: http://localhost:3000/
12:40:56.423 INFO Test started: test_by_gender
12:40:56.423 INFO Navigate to: 'http://localhost:3000/'
12:41:05.100 INFO Click dropdown_button
12:41:05.970 INFO Click group_by_role
12:41:06.089 INFO Wait for element ('id', 'tab-gender', 'tab_gender') to be present
12:41:06.102 INFO Assert element active_tab text is 'Gender'
12:41:06.132 INFO Assert element pay_equity_gap_label text is 'Pay Equity Gap'
12:41:06.174 INFO Assert element pay_equity_gap_p text is 'Men earn 97¢ for every $1 earned by comparable Women'
12:41:06.192 ERROR AssertionError: expected element pay_equity_gap_p text to be 'Men earn 97¢ for every $1 earned by comparable Women' but was 'Women earn 96¢ for every $1 earned by comparable Men'
Traceback (most recent call last):
  File "/Users/home/env/lib/python3.10/site-packages/golem/test_runner/test_runner.py", line 202, in run_test_function
    f(execution.data)
  File "/Users/home/Documents/Projects/test/projects/Syndio/tests/dashboard_by_role_gender_test.py", line 14, in test_by_gender
    assert_element_text(dashboard_page.pay_equity_gap_p, "Men earn 97¢ for every $1 earned by comparable Women")
  File "/Users/home/env/lib/python3.10/site-packages/golem/actions.py", line 560, in assert_element_text
    assert element.text == text, msg
AssertionError: expected element pay_equity_gap_p text to be 'Men earn 97¢ for every $1 earned by comparable Women' but was 'Women earn 96¢ for every $1 earned by comparable Men'
12:41:06.367 INFO Test Result: FAILURE
